<?xml version="1.0" encoding="UTF-8"?>
<!-- Generated by org.testng.reporters.JUnitReportReporter -->
<testsuite skipped="0" hostname="BLRPTMAMBILY" name="FirstGetTest" tests="1" failures="0" timestamp="2019-11-21T11:08:27 IST" time="5.131" errors="0">
  <testcase name="getWeatherDetails" time="5.131" classname="FirstGetTest"/>
</testsuite> <!-- FirstGetTest -->
